Determining if the pthread_create exist failed with the following output:
Change Dir: /home/gong/桌面/myrobot/build/CMakeFiles/CMakeTmp

Run Build Command:"/usr/bin/make" "cmTC_9e326/fast"
/usr/bin/make -f CMakeFiles/cmTC_9e326.dir/build.make CMakeFiles/cmTC_9e326.dir/build
make[1]: Entering directory '/home/gong/桌面/myrobot/build/CMakeFiles/CMakeTmp'
Building C object CMakeFiles/cmTC_9e326.dir/CheckSymbolExists.c.o
/usr/bin/cc     -o CMakeFiles/cmTC_9e326.dir/CheckSymbolExists.c.o   -c /home/gong/桌面/myrobot/build/CMakeFiles/CMakeTmp/CheckSymbolExists.c
Linking C executable cmTC_9e326
/usr/bin/cmake -E cmake_link_script CMakeFiles/cmTC_9e326.dir/link.txt --verbose=1
/usr/bin/cc       CMakeFiles/cmTC_9e326.dir/CheckSymbolExists.c.o  -o cmTC_9e326 -rdynamic 
CMakeFiles/cmTC_9e326.dir/CheckSymbolExists.c.o: In function `main':
CheckSymbolExists.c:(.text+0xe): undefined reference to `pthread_create'
CheckSymbolExists.c:(.text+0x12): undefined reference to `pthread_create'
collect2: error: ld returned 1 exit status
CMakeFiles/cmTC_9e326.dir/build.make:97: recipe for target 'cmTC_9e326' failed
make[1]: *** [cmTC_9e326] Error 1
make[1]: Leaving directory '/home/gong/桌面/myrobot/build/CMakeFiles/CMakeTmp'
Makefile:126: recipe for target 'cmTC_9e326/fast' failed
make: *** [cmTC_9e326/fast] Error 2

File /home/gong/桌面/myrobot/build/CMakeFiles/CMakeTmp/CheckSymbolExists.c:
/* */
#include <pthread.h>

int main(int argc, char** argv)
{
  (void)argv;
#ifndef pthread_create
  return ((int*)(&pthread_create))[argc];
#else
  (void)argc;
  return 0;
#endif
}

Determining if the function pthread_create exists in the pthreads failed with the following output:
Change Dir: /home/gong/桌面/myrobot/build/CMakeFiles/CMakeTmp

Run Build Command:"/usr/bin/make" "cmTC_c5b49/fast"
/usr/bin/make -f CMakeFiles/cmTC_c5b49.dir/build.make CMakeFiles/cmTC_c5b49.dir/build
make[1]: Entering directory '/home/gong/桌面/myrobot/build/CMakeFiles/CMakeTmp'
Building C object CMakeFiles/cmTC_c5b49.dir/CheckFunctionExists.c.o
/usr/bin/cc    -DCHECK_FUNCTION_EXISTS=pthread_create   -o CMakeFiles/cmTC_c5b49.dir/CheckFunctionExists.c.o   -c /usr/share/cmake-3.5/Modules/CheckFunctionExists.c
Linking C executable cmTC_c5b49
/usr/bin/cmake -E cmake_link_script CMakeFiles/cmTC_c5b49.dir/link.txt --verbose=1
/usr/bin/cc   -DCHECK_FUNCTION_EXISTS=pthread_create    CMakeFiles/cmTC_c5b49.dir/CheckFunctionExists.c.o  -o cmTC_c5b49 -rdynamic -lpthreads 
/usr/bin/ld: cannot find -lpthreads
collect2: error: ld returned 1 exit status
CMakeFiles/cmTC_c5b49.dir/build.make:97: recipe for target 'cmTC_c5b49' failed
make[1]: *** [cmTC_c5b49] Error 1
make[1]: Leaving directory '/home/gong/桌面/myrobot/build/CMakeFiles/CMakeTmp'
Makefile:126: recipe for target 'cmTC_c5b49/fast' failed
make: *** [cmTC_c5b49/fast] Error 2


